app/build/outputs/logs/manifest-merger-debug-report.txt
-- Merging decision tree log ---
manifest
ADDED from src/main/AndroidManifest.xml:17:1-51:12
	package
		ADDED from src/main/AndroidManifest.xml:19:5-40
		INJECTED from src/main/AndroidManifest.xml
		INJECTED from src/main/AndroidManifest.xml
	android:versionName
		ADDED from src/main/AndroidManifest.xml:21:5-30
		INJECTED from src/main/AndroidManifest.xml
		INJECTED from src/main/AndroidManifest.xml
	android:versionCode
		ADDED from src/main/AndroidManifest.xml:20:5-28
		INJECTED from src/main/AndroidManifest.xml
		INJECTED from src/main/AndroidManifest.xml
	xmlns:android
		ADDED from src/main/AndroidManifest.xml:18:5-63
uses-sdk
ADDED from src/main/AndroidManifest.xml:23:5-25:41
	android:targetSdkVersion
		ADDED from src/main/AndroidManifest.xml:25:9-38
		INJECTED from src/main/AndroidManifest.xml
		INJECTED from src/main/AndroidManifest.xml
	android:minSdkVersion
		ADDED from src/main/AndroidManifest.xml:24:9-35
		INJECTED from src/main/AndroidManifest.xml
		INJECTED from src/main/AndroidManifest.xml
uses-feature#android.hardware.camera
ADDED from src/main/AndroidManifest.xml:27:5-60
	android:name
		ADDED from src/main/AndroidManifest.xml:27:19-57
uses-feature#android.hardware.camera.autofocus
ADDED from src/main/AndroidManifest.xml:28:5-70
	android:name
		ADDED from src/main/AndroidManifest.xml:28:19-67
uses-permission#android.permission.CAMERA
ADDED from src/main/AndroidManifest.xml:29:5-65
	android:name
		ADDED from src/main/AndroidManifest.xml:29:22-62
uses-permission#android.permission.INTERNET
ADDED from src/main/AndroidManifest.xml:30:5-67
	android:name
		ADDED from src/main/AndroidManifest.xml:30:22-64
uses-permission#android.permission.WAKE_LOCK
ADDED from src/main/AndroidManifest.xml:31:5-68
	android:name
		ADDED from src/main/AndroidManifest.xml:31:22-65
application
ADDED from src/main/AndroidManifest.xml:33:5-50:19
	android:label
		ADDED from src/main/AndroidManifest.xml:34:9-41
	android:allowBackup
		ADDED from src/main/AndroidManifest.xml:35:9-35
	android:icon
		ADDED from src/main/AndroidManifest.xml:36:9-53
	android:theme
		ADDED from src/main/AndroidManifest.xml:38:9-56
	android:name
		ADDED from src/main/AndroidManifest.xml:37:9-42
activity#com.foxdogstudios.peepers.StreamCameraActivity
ADDED from src/main/AndroidManifest.xml:39:9-48:20
	android:screenOrientation
		ADDED from src/main/AndroidManifest.xml:42:13-50
	android:label
		ADDED from src/main/AndroidManifest.xml:41:13-45
	android:theme
		ADDED from src/main/AndroidManifest.xml:43:13-71
	android:name
		ADDED from src/main/AndroidManifest.xml:40:13-48
intent-filter#android.intent.action.MAIN+android.intent.category.LAUNCHER
ADDED from src/main/AndroidManifest.xml:44:13-47:29
action#android.intent.action.MAIN
ADDED from src/main/AndroidManifest.xml:45:17-69
	android:name
		ADDED from src/main/AndroidManifest.xml:45:25-66
category#android.intent.category.LAUNCHER
ADDED from src/main/AndroidManifest.xml:46:17-77
	android:name
		ADDED from src/main/AndroidManifest.xml:46:27-74
activity#com.foxdogstudios.peepers.PeepersPreferenceActivity
ADDED from src/main/AndroidManifest.xml:49:9-62
	android:name
		ADDED from src/main/AndroidManifest.xml:49:19-59